\BOOKMARK [0][-]{chapter.1}{\376\377\0001\000\040\004\020\004\073\004\104\004\060\004\062\004\070\004\102\004\075\004\113\004\071\000\040\004\103\004\072\004\060\004\067\004\060\004\102\004\065\004\073\004\114\000\040\004\077\004\100\004\076\004\101\004\102\004\100\004\060\004\075\004\101\004\102\004\062\000\040\004\070\004\074\004\065\004\075}{}% 1
\BOOKMARK [1][-]{section.1.1}{\376\377\0001\000.\0001\000\040\004\037\004\100\004\076\004\101\004\102\004\100\004\060\004\075\004\101\004\102\004\062\004\060\000\040\004\070\004\074\004\065\004\075}{chapter.1}% 2
\BOOKMARK [0][-]{chapter.2}{\376\377\0002\000\040\004\030\004\065\004\100\004\060\004\100\004\105\004\070\004\107\004\065\004\101\004\072\004\070\004\071\000\040\004\101\004\077\004\070\004\101\004\076\004\072\000\040\004\072\004\073\004\060\004\101\004\101\004\076\004\062}{}% 3
\BOOKMARK [1][-]{section.2.1}{\376\377\0002\000.\0001\000\040\004\030\004\065\004\100\004\060\004\100\004\105\004\070\004\117\000\040\004\072\004\073\004\060\004\101\004\101\004\076\004\062}{chapter.2}% 4
\BOOKMARK [0][-]{chapter.3}{\376\377\0003\000\040\004\020\004\073\004\104\004\060\004\062\004\070\004\102\004\075\004\113\004\071\000\040\004\103\004\072\004\060\004\067\004\060\004\102\004\065\004\073\004\114\000\040\004\072\004\073\004\060\004\101\004\101\004\076\004\062}{}% 5
\BOOKMARK [1][-]{section.3.1}{\376\377\0003\000.\0001\000\040\004\032\004\073\004\060\004\101\004\101\004\113}{chapter.3}% 6
\BOOKMARK [0][-]{chapter.4}{\376\377\0004\000\040\004\037\004\100\004\076\004\101\004\102\004\100\004\060\004\075\004\101\004\102\004\062\004\060\000\040\004\070\004\074\004\065\004\075}{}% 7
\BOOKMARK [1][-]{section.4.1}{\376\377\0004\000.\0001\000\040\004\037\004\100\004\076\004\101\004\102\004\100\004\060\004\075\004\101\004\102\004\062\004\076\000\040\004\070\004\074\004\065\004\075\000\040\000A\000r\000d\000u\000i\000n\000o}{chapter.4}% 8
\BOOKMARK [2][-]{subsection.4.1.1}{\376\377\0004\000.\0001\000.\0001\000\040\004\037\004\076\004\064\004\100\004\076\004\061\004\075\004\076\004\065\000\040\004\076\004\077\004\070\004\101\004\060\004\075\004\070\004\065}{section.4.1}% 9
\BOOKMARK [1][-]{section.4.2}{\376\377\0004\000.\0002\000\040\004\037\004\100\004\076\004\101\004\102\004\100\004\060\004\075\004\101\004\102\004\062\004\076\000\040\004\070\004\074\004\065\004\075\000\040\000C\000o\000m\000m\000a\000n\000d\000s}{chapter.4}% 10
\BOOKMARK [2][-]{subsection.4.2.1}{\376\377\0004\000.\0002\000.\0001\000\040\004\037\004\076\004\064\004\100\004\076\004\061\004\075\004\076\004\065\000\040\004\076\004\077\004\070\004\101\004\060\004\075\004\070\004\065}{section.4.2}% 11
\BOOKMARK [1][-]{section.4.3}{\376\377\0004\000.\0003\000\040\004\037\004\100\004\076\004\101\004\102\004\100\004\060\004\075\004\101\004\102\004\062\004\076\000\040\004\070\004\074\004\065\004\075\000\040\000C\000o\000m\000m\000a\000n\000d\000T\000y\000p\000e}{chapter.4}% 12
\BOOKMARK [2][-]{subsection.4.3.1}{\376\377\0004\000.\0003\000.\0001\000\040\004\037\004\076\004\064\004\100\004\076\004\061\004\075\004\076\004\065\000\040\004\076\004\077\004\070\004\101\004\060\004\075\004\070\004\065}{section.4.3}% 13
\BOOKMARK [1][-]{section.4.4}{\376\377\0004\000.\0004\000\040\004\037\004\100\004\076\004\101\004\102\004\100\004\060\004\075\004\101\004\102\004\062\004\076\000\040\004\070\004\074\004\065\004\075\000\040\000C\000o\000n\000n\000e\000c\000t\000i\000o\000n}{chapter.4}% 14
\BOOKMARK [2][-]{subsection.4.4.1}{\376\377\0004\000.\0004\000.\0001\000\040\004\037\004\076\004\064\004\100\004\076\004\061\004\075\004\076\004\065\000\040\004\076\004\077\004\070\004\101\004\060\004\075\004\070\004\065}{section.4.4}% 15
\BOOKMARK [1][-]{section.4.5}{\376\377\0004\000.\0005\000\040\004\037\004\100\004\076\004\101\004\102\004\100\004\060\004\075\004\101\004\102\004\062\004\076\000\040\004\070\004\074\004\065\004\075\000\040\000C\000o\000n\000n\000e\000c\000t\000i\000o\000n}{chapter.4}% 16
\BOOKMARK [2][-]{subsection.4.5.1}{\376\377\0004\000.\0005\000.\0001\000\040\004\037\004\076\004\064\004\100\004\076\004\061\004\075\004\076\004\065\000\040\004\076\004\077\004\070\004\101\004\060\004\075\004\070\004\065}{section.4.5}% 17
\BOOKMARK [1][-]{section.4.6}{\376\377\0004\000.\0006\000\040\004\037\004\100\004\076\004\101\004\102\004\100\004\060\004\075\004\101\004\102\004\062\004\076\000\040\004\070\004\074\004\065\004\075\000\040\000J\000a\000r\000v\000i\000s}{chapter.4}% 18
\BOOKMARK [2][-]{subsection.4.6.1}{\376\377\0004\000.\0006\000.\0001\000\040\004\037\004\076\004\064\004\100\004\076\004\061\004\075\004\076\004\065\000\040\004\076\004\077\004\070\004\101\004\060\004\075\004\070\004\065}{section.4.6}% 19
\BOOKMARK [2][-]{subsection.4.6.2}{\376\377\0004\000.\0006\000.\0002\000\040\004\044\004\103\004\075\004\072\004\106\004\070\004\070}{section.4.6}% 20
\BOOKMARK [3][-]{subsubsection.4.6.2.1}{\376\377\0004\000.\0006\000.\0002\000.\0001\000\040\000j\000s\000o\000n\000P\000a\000r\000s\000e\000\050\000\051}{subsection.4.6.2}% 21
\BOOKMARK [3][-]{subsubsection.4.6.2.2}{\376\377\0004\000.\0006\000.\0002\000.\0002\000\040\000o\000p\000e\000r\000a\000t\000o\000r\000!\000=\000\050\000\051}{subsection.4.6.2}% 22
\BOOKMARK [3][-]{subsubsection.4.6.2.3}{\376\377\0004\000.\0006\000.\0002\000.\0003\000\040\000o\000p\000e\000r\000a\000t\000o\000r\000<\000\050\000\051}{subsection.4.6.2}% 23
\BOOKMARK [3][-]{subsubsection.4.6.2.4}{\376\377\0004\000.\0006\000.\0002\000.\0004\000\040\000o\000p\000e\000r\000a\000t\000o\000r\000<\000=\000\050\000\051}{subsection.4.6.2}% 24
\BOOKMARK [3][-]{subsubsection.4.6.2.5}{\376\377\0004\000.\0006\000.\0002\000.\0005\000\040\000o\000p\000e\000r\000a\000t\000o\000r\000=\000=\000\050\000\051}{subsection.4.6.2}% 25
\BOOKMARK [3][-]{subsubsection.4.6.2.6}{\376\377\0004\000.\0006\000.\0002\000.\0006\000\040\000o\000p\000e\000r\000a\000t\000o\000r\000>\000\050\000\051}{subsection.4.6.2}% 26
\BOOKMARK [3][-]{subsubsection.4.6.2.7}{\376\377\0004\000.\0006\000.\0002\000.\0007\000\040\000o\000p\000e\000r\000a\000t\000o\000r\000>\000=\000\050\000\051}{subsection.4.6.2}% 27
\BOOKMARK [3][-]{subsubsection.4.6.2.8}{\376\377\0004\000.\0006\000.\0002\000.\0008\000\040\000x\000m\000l\000P\000a\000r\000s\000e\000\050\000\051}{subsection.4.6.2}% 28
\BOOKMARK [0][-]{chapter.5}{\376\377\0005\000\040\004\032\004\073\004\060\004\101\004\101\004\113}{}% 29
\BOOKMARK [1][-]{section.5.1}{\376\377\0005\000.\0001\000\040\004\032\004\073\004\060\004\101\004\101\000\040\000J\000a\000r\000v\000i\000s\000:\000:\000C\000o\000m\000m\000a\000n\000d\000s\000:\000:\000C\000o\000m\000m\000a\000n\000d}{chapter.5}% 30
\BOOKMARK [2][-]{subsection.5.1.1}{\376\377\0005\000.\0001\000.\0001\000\040\004\037\004\076\004\064\004\100\004\076\004\061\004\075\004\076\004\065\000\040\004\076\004\077\004\070\004\101\004\060\004\075\004\070\004\065}{section.5.1}% 31
\BOOKMARK [2][-]{subsection.5.1.2}{\376\377\0005\000.\0001\000.\0002\000\040\004\034\004\065\004\102\004\076\004\064\004\113}{section.5.1}% 32
\BOOKMARK [3][-]{subsubsection.5.1.2.1}{\376\377\0005\000.\0001\000.\0002\000.\0001\000\040\000e\000x\000e\000c\000u\000t\000e\000\050\000\051}{subsection.5.1.2}% 33
\BOOKMARK [1][-]{section.5.2}{\376\377\0005\000.\0002\000\040\004\032\004\073\004\060\004\101\004\101\000\040\000J\000a\000r\000v\000i\000s\000:\000:\000J\000a\000r\000v\000i\000s}{chapter.5}% 34
\BOOKMARK [2][-]{subsection.5.2.1}{\376\377\0005\000.\0002\000.\0001\000\040\004\032\004\076\004\075\004\101\004\102\004\100\004\103\004\072\004\102\004\076\004\100\000\050\004\113\000\051}{section.5.2}% 35
\BOOKMARK [3][-]{subsubsection.5.2.1.1}{\376\377\0005\000.\0002\000.\0001\000.\0001\000\040\000J\000a\000r\000v\000i\000s\000\050\000\051}{subsection.5.2.1}% 36
\BOOKMARK [2][-]{subsection.5.2.2}{\376\377\0005\000.\0002\000.\0002\000\040\004\034\004\065\004\102\004\076\004\064\004\113}{section.5.2}% 37
\BOOKMARK [3][-]{subsubsection.5.2.2.1}{\376\377\0005\000.\0002\000.\0002\000.\0001\000\040\000g\000e\000t\000M\000a\000p\000F\000r\000o\000m\000Y\000a\000n\000d\000e\000x\000S\000p\000e\000e\000c\000h\000K\000i\000t\000\050\000\051}{subsection.5.2.2}% 38
\BOOKMARK [3][-]{subsubsection.5.2.2.2}{\376\377\0005\000.\0002\000.\0002\000.\0002\000\040\000i\000n\000i\000t\000i\000a\000l\000i\000z\000e\000\050\000\051}{subsection.5.2.2}% 39
\BOOKMARK [3][-]{subsubsection.5.2.2.3}{\376\377\0005\000.\0002\000.\0002\000.\0003\000\040\000i\000n\000s\000t\000a\000n\000c\000e\000\050\000\051}{subsection.5.2.2}% 40
\BOOKMARK [3][-]{subsubsection.5.2.2.4}{\376\377\0005\000.\0002\000.\0002\000.\0004\000\040\000s\000a\000y\000\050\000\051}{subsection.5.2.2}% 41
\BOOKMARK [3][-]{subsubsection.5.2.2.5}{\376\377\0005\000.\0002\000.\0002\000.\0005\000\040\000s\000e\000n\000d\000T\000o\000S\000e\000r\000i\000a\000l\000P\000o\000r\000t\000\050\000\051}{subsection.5.2.2}% 42
\BOOKMARK [3][-]{subsubsection.5.2.2.6}{\376\377\0005\000.\0002\000.\0002\000.\0006\000\040\000s\000e\000n\000d\000T\000o\000Y\000a\000n\000d\000e\000x\000S\000p\000e\000e\000c\000h\000K\000i\000t\000\050\000\051}{subsection.5.2.2}% 43
\BOOKMARK [3][-]{subsubsection.5.2.2.7}{\376\377\0005\000.\0002\000.\0002\000.\0007\000\040\000t\000o\000A\000r\000d\000u\000i\000n\000o\000\050\000\051}{subsection.5.2.2}% 44
\BOOKMARK [2][-]{subsection.5.2.3}{\376\377\0005\000.\0002\000.\0003\000\040\004\024\004\060\004\075\004\075\004\113\004\065\000\040\004\072\004\073\004\060\004\101\004\101\004\060}{section.5.2}% 45
\BOOKMARK [3][-]{subsubsection.5.2.3.1}{\376\377\0005\000.\0002\000.\0003\000.\0001\000\040\000\137\000d\000e\000s\000t\000r\000o\000y\000e\000r}{subsection.5.2.3}% 46
\BOOKMARK [3][-]{subsubsection.5.2.3.2}{\376\377\0005\000.\0002\000.\0003\000.\0002\000\040\000\137\000v\000o\000i\000c\000e}{subsection.5.2.3}% 47
\BOOKMARK [3][-]{subsubsection.5.2.3.3}{\376\377\0005\000.\0002\000.\0003\000.\0003\000\040\000p\000a\000r\000a\000m\000s}{subsection.5.2.3}% 48
\BOOKMARK [1][-]{section.5.3}{\376\377\0005\000.\0003\000\040\004\032\004\073\004\060\004\101\004\101\000\040\000J\000a\000r\000v\000i\000s}{chapter.5}% 49
\BOOKMARK [2][-]{subsection.5.3.1}{\376\377\0005\000.\0003\000.\0001\000\040\004\037\004\076\004\064\004\100\004\076\004\061\004\075\004\076\004\065\000\040\004\076\004\077\004\070\004\101\004\060\004\075\004\070\004\065}{section.5.3}% 50
\BOOKMARK [1][-]{section.5.4}{\376\377\0005\000.\0004\000\040\004\032\004\073\004\060\004\101\004\101\000\040\000J\000a\000r\000v\000i\000s\000:\000:\000P\000a\000r\000s\000e\000r}{chapter.5}% 51
\BOOKMARK [2][-]{subsection.5.4.1}{\376\377\0005\000.\0004\000.\0001\000\040\004\037\004\076\004\064\004\100\004\076\004\061\004\075\004\076\004\065\000\040\004\076\004\077\004\070\004\101\004\060\004\075\004\070\004\065}{section.5.4}% 52
\BOOKMARK [2][-]{subsection.5.4.2}{\376\377\0005\000.\0004\000.\0002\000\040\004\032\004\076\004\075\004\101\004\102\004\100\004\103\004\072\004\102\004\076\004\100\000\050\004\113\000\051}{section.5.4}% 53
\BOOKMARK [3][-]{subsubsection.5.4.2.1}{\376\377\0005\000.\0004\000.\0002\000.\0001\000\040\000P\000a\000r\000s\000e\000r\000\050\000\051}{subsection.5.4.2}% 54
\BOOKMARK [2][-]{subsection.5.4.3}{\376\377\0005\000.\0004\000.\0003\000\040\004\034\004\065\004\102\004\076\004\064\004\113}{section.5.4}% 55
\BOOKMARK [3][-]{subsubsection.5.4.3.1}{\376\377\0005\000.\0004\000.\0003\000.\0001\000\040\000j\000s\000o\000n\000P\000a\000r\000s\000e\000\050\000\051}{subsection.5.4.3}% 56
\BOOKMARK [3][-]{subsubsection.5.4.3.2}{\376\377\0005\000.\0004\000.\0003\000.\0002\000\040\000l\000o\000a\000d\000T\000a\000r\000g\000e\000t\000\050\000\051}{subsection.5.4.3}% 57
\BOOKMARK [3][-]{subsubsection.5.4.3.3}{\376\377\0005\000.\0004\000.\0003\000.\0003\000\040\000x\000m\000l\000P\000a\000r\000s\000e\000\050\000\051}{subsection.5.4.3}% 58
\BOOKMARK [2][-]{subsection.5.4.4}{\376\377\0005\000.\0004\000.\0004\000\040\004\024\004\076\004\072\004\103\004\074\004\065\004\075\004\102\004\060\004\106\004\070\004\117\000\040\004\077\004\076\000\040\004\064\004\100\004\103\004\067\004\114\004\117\004\074\000\040\004\072\004\073\004\060\004\101\004\101\004\060\000\040\004\070\000\040\004\104\004\103\004\075\004\072\004\106\004\070\004\117\004\074\000,\000\040\004\076\004\102\004\075\004\076\004\101\004\117\004\111\004\070\004\074\004\101\004\117\000\040\004\072\000\040\004\072\004\073\004\060\004\101\004\101\004\103}{section.5.4}% 59
\BOOKMARK [3][-]{subsubsection.5.4.4.1}{\376\377\0005\000.\0004\000.\0004\000.\0001\000\040\000j\000s\000o\000n\000P\000a\000r\000s\000e}{subsection.5.4.4}% 60
\BOOKMARK [3][-]{subsubsection.5.4.4.2}{\376\377\0005\000.\0004\000.\0004\000.\0002\000\040\000x\000m\000l\000P\000a\000r\000s\000e}{subsection.5.4.4}% 61
\BOOKMARK [2][-]{subsection.5.4.5}{\376\377\0005\000.\0004\000.\0005\000\040\004\024\004\060\004\075\004\075\004\113\004\065\000\040\004\072\004\073\004\060\004\101\004\101\004\060}{section.5.4}% 62
\BOOKMARK [3][-]{subsubsection.5.4.5.1}{\376\377\0005\000.\0004\000.\0005\000.\0001\000\040\000\137\000t\000r\000e\000e}{subsection.5.4.5}% 63
\BOOKMARK [3][-]{subsubsection.5.4.5.2}{\376\377\0005\000.\0004\000.\0005\000.\0002\000\040\000p\000a\000r\000a\000m\000s}{subsection.5.4.5}% 64
\BOOKMARK [1][-]{section.5.5}{\376\377\0005\000.\0005\000\040\004\032\004\073\004\060\004\101\004\101\000\040\000J\000a\000r\000v\000i\000s\000:\000:\000S\000e\000n\000t\000e\000n\000c\000e}{chapter.5}% 65
\BOOKMARK [2][-]{subsection.5.5.1}{\376\377\0005\000.\0005\000.\0001\000\040\004\037\004\076\004\064\004\100\004\076\004\061\004\075\004\076\004\065\000\040\004\076\004\077\004\070\004\101\004\060\004\075\004\070\004\065}{section.5.5}% 66
\BOOKMARK [2][-]{subsection.5.5.2}{\376\377\0005\000.\0005\000.\0002\000\040\004\032\004\076\004\075\004\101\004\102\004\100\004\103\004\072\004\102\004\076\004\100\000\050\004\113\000\051}{section.5.5}% 67
\BOOKMARK [3][-]{subsubsection.5.5.2.1}{\376\377\0005\000.\0005\000.\0002\000.\0001\000\040\000S\000e\000n\000t\000e\000n\000c\000e\000\050\000\051\000\040\000[\0001\000/\0003\000]}{subsection.5.5.2}% 68
\BOOKMARK [3][-]{subsubsection.5.5.2.2}{\376\377\0005\000.\0005\000.\0002\000.\0002\000\040\000S\000e\000n\000t\000e\000n\000c\000e\000\050\000\051\000\040\000[\0002\000/\0003\000]}{subsection.5.5.2}% 69
\BOOKMARK [3][-]{subsubsection.5.5.2.3}{\376\377\0005\000.\0005\000.\0002\000.\0003\000\040\000S\000e\000n\000t\000e\000n\000c\000e\000\050\000\051\000\040\000[\0003\000/\0003\000]}{subsection.5.5.2}% 70
\BOOKMARK [2][-]{subsection.5.5.3}{\376\377\0005\000.\0005\000.\0003\000\040\004\034\004\065\004\102\004\076\004\064\004\113}{section.5.5}% 71
\BOOKMARK [3][-]{subsubsection.5.5.3.1}{\376\377\0005\000.\0005\000.\0003\000.\0001\000\040\000g\000e\000t\000S\000e\000n\000t\000e\000n\000c\000e\000\050\000\051}{subsection.5.5.3}% 72
\BOOKMARK [3][-]{subsubsection.5.5.3.2}{\376\377\0005\000.\0005\000.\0003\000.\0002\000\040\000o\000p\000e\000r\000a\000t\000o\000r\000=\000\050\000\051\000\040\000[\0001\000/\0002\000]}{subsection.5.5.3}% 73
\BOOKMARK [3][-]{subsubsection.5.5.3.3}{\376\377\0005\000.\0005\000.\0003\000.\0003\000\040\000o\000p\000e\000r\000a\000t\000o\000r\000=\000\050\000\051\000\040\000[\0002\000/\0002\000]}{subsection.5.5.3}% 74
\BOOKMARK [3][-]{subsubsection.5.5.3.4}{\376\377\0005\000.\0005\000.\0003\000.\0004\000\040\000s\000e\000t\000S\000e\000n\000t\000e\000n\000c\000e\000\050\000\051\000\040\000[\0001\000/\0002\000]}{subsection.5.5.3}% 75
\BOOKMARK [3][-]{subsubsection.5.5.3.5}{\376\377\0005\000.\0005\000.\0003\000.\0005\000\040\000s\000e\000t\000S\000e\000n\000t\000e\000n\000c\000e\000\050\000\051\000\040\000[\0002\000/\0002\000]}{subsection.5.5.3}% 76
\BOOKMARK [2][-]{subsection.5.5.4}{\376\377\0005\000.\0005\000.\0004\000\040\004\024\004\076\004\072\004\103\004\074\004\065\004\075\004\102\004\060\004\106\004\070\004\117\000\040\004\077\004\076\000\040\004\064\004\100\004\103\004\067\004\114\004\117\004\074\000\040\004\072\004\073\004\060\004\101\004\101\004\060\000\040\004\070\000\040\004\104\004\103\004\075\004\072\004\106\004\070\004\117\004\074\000,\000\040\004\076\004\102\004\075\004\076\004\101\004\117\004\111\004\070\004\074\004\101\004\117\000\040\004\072\000\040\004\072\004\073\004\060\004\101\004\101\004\103}{section.5.5}% 77
\BOOKMARK [3][-]{subsubsection.5.5.4.1}{\376\377\0005\000.\0005\000.\0004\000.\0001\000\040\000o\000p\000e\000r\000a\000t\000o\000r\000!\000=}{subsection.5.5.4}% 78
\BOOKMARK [3][-]{subsubsection.5.5.4.2}{\376\377\0005\000.\0005\000.\0004\000.\0002\000\040\000o\000p\000e\000r\000a\000t\000o\000r\000<}{subsection.5.5.4}% 79
\BOOKMARK [3][-]{subsubsection.5.5.4.3}{\376\377\0005\000.\0005\000.\0004\000.\0003\000\040\000o\000p\000e\000r\000a\000t\000o\000r\000<\000=}{subsection.5.5.4}% 80
\BOOKMARK [3][-]{subsubsection.5.5.4.4}{\376\377\0005\000.\0005\000.\0004\000.\0004\000\040\000o\000p\000e\000r\000a\000t\000o\000r\000=\000=}{subsection.5.5.4}% 81
\BOOKMARK [3][-]{subsubsection.5.5.4.5}{\376\377\0005\000.\0005\000.\0004\000.\0005\000\040\000o\000p\000e\000r\000a\000t\000o\000r\000>}{subsection.5.5.4}% 82
\BOOKMARK [3][-]{subsubsection.5.5.4.6}{\376\377\0005\000.\0005\000.\0004\000.\0006\000\040\000o\000p\000e\000r\000a\000t\000o\000r\000>\000=}{subsection.5.5.4}% 83
\BOOKMARK [2][-]{subsection.5.5.5}{\376\377\0005\000.\0005\000.\0005\000\040\004\024\004\060\004\075\004\075\004\113\004\065\000\040\004\072\004\073\004\060\004\101\004\101\004\060}{section.5.5}% 84
\BOOKMARK [3][-]{subsubsection.5.5.5.1}{\376\377\0005\000.\0005\000.\0005\000.\0001\000\040\000p\000a\000r\000a\000m\000s}{subsection.5.5.5}% 85
\BOOKMARK [1][-]{section.5.6}{\376\377\0005\000.\0006\000\040\004\032\004\073\004\060\004\101\004\101\000\040\000J\000a\000r\000v\000i\000s\000:\000:\000A\000r\000d\000u\000i\000n\000o\000:\000:\000C\000o\000n\000n\000e\000c\000t\000i\000o\000n\000:\000:\000S\000e\000r\000i\000a\000l\000P\000o\000r\000t}{chapter.5}% 86
\BOOKMARK [2][-]{subsection.5.6.1}{\376\377\0005\000.\0006\000.\0001\000\040\004\037\004\076\004\064\004\100\004\076\004\061\004\075\004\076\004\065\000\040\004\076\004\077\004\070\004\101\004\060\004\075\004\070\004\065}{section.5.6}% 87
\BOOKMARK [2][-]{subsection.5.6.2}{\376\377\0005\000.\0006\000.\0002\000\040\004\032\004\076\004\075\004\101\004\102\004\100\004\103\004\072\004\102\004\076\004\100\000\050\004\113\000\051}{section.5.6}% 88
\BOOKMARK [3][-]{subsubsection.5.6.2.1}{\376\377\0005\000.\0006\000.\0002\000.\0001\000\040\000S\000e\000r\000i\000a\000l\000P\000o\000r\000t\000\050\000\051}{subsection.5.6.2}% 89
\BOOKMARK [2][-]{subsection.5.6.3}{\376\377\0005\000.\0006\000.\0003\000\040\004\034\004\065\004\102\004\076\004\064\004\113}{section.5.6}% 90
\BOOKMARK [3][-]{subsubsection.5.6.3.1}{\376\377\0005\000.\0006\000.\0003\000.\0001\000\040\000r\000e\000a\000d\000\050\000\051}{subsection.5.6.3}% 91
\BOOKMARK [3][-]{subsubsection.5.6.3.2}{\376\377\0005\000.\0006\000.\0003\000.\0002\000\040\000s\000e\000t\000R\000a\000t\000e\000\050\000\051}{subsection.5.6.3}% 92
\BOOKMARK [3][-]{subsubsection.5.6.3.3}{\376\377\0005\000.\0006\000.\0003\000.\0003\000\040\000w\000r\000i\000t\000e\000\050\000\051}{subsection.5.6.3}% 93
\BOOKMARK [2][-]{subsection.5.6.4}{\376\377\0005\000.\0006\000.\0004\000\040\004\024\004\060\004\075\004\075\004\113\004\065\000\040\004\072\004\073\004\060\004\101\004\101\004\060}{section.5.6}% 94
\BOOKMARK [3][-]{subsubsection.5.6.4.1}{\376\377\0005\000.\0006\000.\0004\000.\0001\000\040\000\137\000p\000o\000r\000t}{subsection.5.6.4}% 95
\BOOKMARK [3][-]{subsubsection.5.6.4.2}{\376\377\0005\000.\0006\000.\0004\000.\0002\000\040\000p\000a\000r\000a\000m\000s}{subsection.5.6.4}% 96
\BOOKMARK [1][-]{section.5.7}{\376\377\0005\000.\0007\000\040\004\032\004\073\004\060\004\101\004\101\000\040\000J\000a\000r\000v\000i\000s\000:\000:\000c\000o\000n\000n\000e\000c\000t\000i\000o\000n\000:\000:\000S\000p\000e\000e\000c\000h\000K\000i\000t}{chapter.5}% 97
\BOOKMARK [2][-]{subsection.5.7.1}{\376\377\0005\000.\0007\000.\0001\000\040\004\037\004\076\004\064\004\100\004\076\004\061\004\075\004\076\004\065\000\040\004\076\004\077\004\070\004\101\004\060\004\075\004\070\004\065}{section.5.7}% 98
\BOOKMARK [2][-]{subsection.5.7.2}{\376\377\0005\000.\0007\000.\0002\000\040\004\032\004\076\004\075\004\101\004\102\004\100\004\103\004\072\004\102\004\076\004\100\000\050\004\113\000\051}{section.5.7}% 99
\BOOKMARK [3][-]{subsubsection.5.7.2.1}{\376\377\0005\000.\0007\000.\0002\000.\0001\000\040\000S\000p\000e\000e\000c\000h\000K\000i\000t\000\050\000\051}{subsection.5.7.2}% 100
\BOOKMARK [2][-]{subsection.5.7.3}{\376\377\0005\000.\0007\000.\0003\000\040\004\034\004\065\004\102\004\076\004\064\004\113}{section.5.7}% 101
\BOOKMARK [3][-]{subsubsection.5.7.3.1}{\376\377\0005\000.\0007\000.\0003\000.\0001\000\040\000s\000e\000n\000d\000\050\000\051}{subsection.5.7.3}% 102
\BOOKMARK [1][-]{section.5.8}{\376\377\0005\000.\0008\000\040\004\032\004\073\004\060\004\101\004\101\000\040\000J\000a\000r\000v\000i\000s\000:\000:\000c\000o\000n\000n\000e\000c\000t\000i\000o\000n\000:\000:\000T\000r\000a\000n\000s\000p\000o\000r\000t}{chapter.5}% 103
\BOOKMARK [2][-]{subsection.5.8.1}{\376\377\0005\000.\0008\000.\0001\000\040\004\037\004\076\004\064\004\100\004\076\004\061\004\075\004\076\004\065\000\040\004\076\004\077\004\070\004\101\004\060\004\075\004\070\004\065}{section.5.8}% 104
\BOOKMARK [2][-]{subsection.5.8.2}{\376\377\0005\000.\0008\000.\0002\000\040\004\036\004\077\004\100\004\065\004\064\004\065\004\073\004\065\004\075\004\070\004\117\000\040\004\102\004\070\004\077\004\076\004\062}{section.5.8}% 105
\BOOKMARK [3][-]{subsubsection.5.8.2.1}{\376\377\0005\000.\0008\000.\0002\000.\0001\000\040\000p\000r\000o\000p\000e\000r\000t\000y}{subsection.5.8.2}% 106
\BOOKMARK [2][-]{subsection.5.8.3}{\376\377\0005\000.\0008\000.\0003\000\040\004\032\004\076\004\075\004\101\004\102\004\100\004\103\004\072\004\102\004\076\004\100\000\050\004\113\000\051}{section.5.8}% 107
\BOOKMARK [3][-]{subsubsection.5.8.3.1}{\376\377\0005\000.\0008\000.\0003\000.\0001\000\040\000T\000r\000a\000n\000s\000p\000o\000r\000t\000\050\000\051}{subsection.5.8.3}% 108
\BOOKMARK [2][-]{subsection.5.8.4}{\376\377\0005\000.\0008\000.\0004\000\040\004\034\004\065\004\102\004\076\004\064\004\113}{section.5.8}% 109
\BOOKMARK [3][-]{subsubsection.5.8.4.1}{\376\377\0005\000.\0008\000.\0004\000.\0001\000\040\000c\000h\000e\000c\000k\000C\000o\000n\000n\000e\000c\000t\000i\000o\000n\000\050\000\051}{subsection.5.8.4}% 110
\BOOKMARK [3][-]{subsubsection.5.8.4.2}{\376\377\0005\000.\0008\000.\0004\000.\0002\000\040\000c\000o\000n\000n\000e\000c\000t\000\050\000\051}{subsection.5.8.4}% 111
\BOOKMARK [3][-]{subsubsection.5.8.4.3}{\376\377\0005\000.\0008\000.\0004\000.\0003\000\040\000f\000i\000l\000l\000L\000i\000s\000t\000\050\000\051}{subsection.5.8.4}% 112
\BOOKMARK [3][-]{subsubsection.5.8.4.4}{\376\377\0005\000.\0008\000.\0004\000.\0004\000\040\000f\000i\000n\000d\000Y\000a\000n\000d\000e\000x\000O\000p\000t\000i\000o\000n\000\050\000\051}{subsection.5.8.4}% 113
\BOOKMARK [3][-]{subsubsection.5.8.4.5}{\376\377\0005\000.\0008\000.\0004\000.\0005\000\040\000g\000e\000t\000O\000p\000t\000i\000o\000n\000\050\000\051}{subsection.5.8.4}% 114
\BOOKMARK [3][-]{subsubsection.5.8.4.6}{\376\377\0005\000.\0008\000.\0004\000.\0006\000\040\000i\000s\000C\000o\000n\000n\000e\000c\000t\000\050\000\051}{subsection.5.8.4}% 115
\BOOKMARK [3][-]{subsubsection.5.8.4.7}{\376\377\0005\000.\0008\000.\0004\000.\0007\000\040\000m\000a\000k\000e\000U\000r\000l\000\050\000\051}{subsection.5.8.4}% 116
\BOOKMARK [3][-]{subsubsection.5.8.4.8}{\376\377\0005\000.\0008\000.\0004\000.\0008\000\040\000O\000p\000t\000i\000o\000n\000s\000L\000i\000s\000t\000\050\000\051}{subsection.5.8.4}% 117
\BOOKMARK [3][-]{subsubsection.5.8.4.9}{\376\377\0005\000.\0008\000.\0004\000.\0009\000\040\000r\000e\000c\000v\000\050\000\051}{subsection.5.8.4}% 118
\BOOKMARK [3][-]{subsubsection.5.8.4.10}{\376\377\0005\000.\0008\000.\0004\000.\0001\0000\000\040\000s\000e\000n\000d\000\050\000\051}{subsection.5.8.4}% 119
\BOOKMARK [2][-]{subsection.5.8.5}{\376\377\0005\000.\0008\000.\0005\000\040\004\024\004\060\004\075\004\075\004\113\004\065\000\040\004\072\004\073\004\060\004\101\004\101\004\060}{section.5.8}% 120
\BOOKMARK [3][-]{subsubsection.5.8.5.1}{\376\377\0005\000.\0008\000.\0005\000.\0001\000\040\000\137\000h\000e\000a\000d\000e\000r\000s}{subsection.5.8.5}% 121
\BOOKMARK [3][-]{subsubsection.5.8.5.2}{\376\377\0005\000.\0008\000.\0005\000.\0002\000\040\000\137\000p\000r\000o\000p\000e\000r\000t\000i\000e\000s}{subsection.5.8.5}% 122
\BOOKMARK [3][-]{subsubsection.5.8.5.3}{\376\377\0005\000.\0008\000.\0005\000.\0003\000\040\000\137\000r\000e\000s\000p\000o\000n\000s\000e}{subsection.5.8.5}% 123
\BOOKMARK [3][-]{subsubsection.5.8.5.4}{\376\377\0005\000.\0008\000.\0005\000.\0004\000\040\000p\000a\000r\000a\000m\000s\000\040\000[\0001\000/\0002\000]}{subsection.5.8.5}% 124
\BOOKMARK [3][-]{subsubsection.5.8.5.5}{\376\377\0005\000.\0008\000.\0005\000.\0005\000\040\000p\000a\000r\000a\000m\000s\000\040\000[\0002\000/\0002\000]}{subsection.5.8.5}% 125
\BOOKMARK [1][-]{section.5.9}{\376\377\0005\000.\0009\000\040\004\032\004\073\004\060\004\101\004\101\000\040\000J\000a\000r\000v\000i\000s\000:\000:\000V\000o\000i\000c\000e}{chapter.5}% 126
\BOOKMARK [2][-]{subsection.5.9.1}{\376\377\0005\000.\0009\000.\0001\000\040\004\037\004\076\004\064\004\100\004\076\004\061\004\075\004\076\004\065\000\040\004\076\004\077\004\070\004\101\004\060\004\075\004\070\004\065}{section.5.9}% 127
\BOOKMARK [2][-]{subsection.5.9.2}{\376\377\0005\000.\0009\000.\0002\000\040\004\032\004\076\004\075\004\101\004\102\004\100\004\103\004\072\004\102\004\076\004\100\000\050\004\113\000\051}{section.5.9}% 128
\BOOKMARK [3][-]{subsubsection.5.9.2.1}{\376\377\0005\000.\0009\000.\0002\000.\0001\000\040\000V\000o\000i\000c\000e\000\050\000\051\000\040\000[\0001\000/\0003\000]}{subsection.5.9.2}% 129
\BOOKMARK [3][-]{subsubsection.5.9.2.2}{\376\377\0005\000.\0009\000.\0002\000.\0002\000\040\000V\000o\000i\000c\000e\000\050\000\051\000\040\000[\0002\000/\0003\000]}{subsection.5.9.2}% 130
\BOOKMARK [3][-]{subsubsection.5.9.2.3}{\376\377\0005\000.\0009\000.\0002\000.\0003\000\040\000V\000o\000i\000c\000e\000\050\000\051\000\040\000[\0003\000/\0003\000]}{subsection.5.9.2}% 131
\BOOKMARK [2][-]{subsection.5.9.3}{\376\377\0005\000.\0009\000.\0003\000\040\004\034\004\065\004\102\004\076\004\064\004\113}{section.5.9}% 132
\BOOKMARK [3][-]{subsubsection.5.9.3.1}{\376\377\0005\000.\0009\000.\0003\000.\0001\000\040\000e\000x\000e\000c\000u\000t\000e\000\050\000\051}{subsection.5.9.3}% 133
\BOOKMARK [3][-]{subsubsection.5.9.3.2}{\376\377\0005\000.\0009\000.\0003\000.\0002\000\040\000f\000i\000n\000d\000C\000o\000m\000m\000a\000n\000d\000\050\000\051}{subsection.5.9.3}% 134
\BOOKMARK [3][-]{subsubsection.5.9.3.3}{\376\377\0005\000.\0009\000.\0003\000.\0003\000\040\000g\000e\000t\000S\000e\000n\000t\000e\000n\000c\000e\000\050\000\051}{subsection.5.9.3}% 135
\BOOKMARK [3][-]{subsubsection.5.9.3.4}{\376\377\0005\000.\0009\000.\0003\000.\0004\000\040\000o\000p\000e\000r\000a\000t\000o\000r\000=\000\050\000\051\000\040\000[\0001\000/\0002\000]}{subsection.5.9.3}% 136
\BOOKMARK [3][-]{subsubsection.5.9.3.5}{\376\377\0005\000.\0009\000.\0003\000.\0005\000\040\000o\000p\000e\000r\000a\000t\000o\000r\000=\000\050\000\051\000\040\000[\0002\000/\0002\000]}{subsection.5.9.3}% 137
\BOOKMARK [3][-]{subsubsection.5.9.3.6}{\376\377\0005\000.\0009\000.\0003\000.\0006\000\040\000s\000a\000y\000\050\000\051}{subsection.5.9.3}% 138
\BOOKMARK [3][-]{subsubsection.5.9.3.7}{\376\377\0005\000.\0009\000.\0003\000.\0007\000\040\000s\000e\000t\000S\000e\000n\000t\000e\000n\000c\000e\000\050\000\051}{subsection.5.9.3}% 139
\BOOKMARK [2][-]{subsection.5.9.4}{\376\377\0005\000.\0009\000.\0004\000\040\004\024\004\060\004\075\004\075\004\113\004\065\000\040\004\072\004\073\004\060\004\101\004\101\004\060}{section.5.9}% 140
\BOOKMARK [3][-]{subsubsection.5.9.4.1}{\376\377\0005\000.\0009\000.\0004\000.\0001\000\040\000\137\000s\000e\000n\000t\000e\000n\000c\000e}{subsection.5.9.4}% 141
\BOOKMARK [3][-]{subsubsection.5.9.4.2}{\376\377\0005\000.\0009\000.\0004\000.\0002\000\040\000\137\000w\000a\000v\000e\000s}{subsection.5.9.4}% 142
\BOOKMARK [3][-]{subsubsection.5.9.4.3}{\376\377\0005\000.\0009\000.\0004\000.\0003\000\040\000p\000a\000r\000a\000m\000s}{subsection.5.9.4}% 143
